{
  "RSpec": {
    "coverage": {
      "/Users/dmytrolysohor/RubymineProjects/photography_backend/spec/controllers/api/posts_controller_spec.rb": [
        1,
        null,
        null,
        null,
        null,
        null,
        null,
        null,
        null,
        null,
        null,
        null,
        null,
        null,
        null,
        null,
        null,
        null,
        null,
        null,
        null,
        null,
        null,
        null,
        null,
        1,
        null,
        null,
        null,
        null,
        1,
        5,
        null,
        null,
        1,
        2,
        null,
        null,
        null,
        null,
        null,
        9,
        1,
        8,
        8,
        null,
        null,
        1,
        1,
        1,
        1,
        1,
        1,
        1,
        null,
        null,
        null,
        1,
        1,
        1,
        1,
        1,
        1,
        1,
        null,
        null,
        null,
        1,
        1,
        1,
        1,
        1,
        1,
        1,
        null,
        null,
        null,
        null,
        null,
        1,
        1,
        1,
        1,
        1,
        1,
        1,
        null,
        null,
        null,
        null,
        1,
        1,
        1,
        1,
        null,
        null,
        1,
        1,
        1,
        1,
        1,
        1,
        null,
        null,
        null,
        1,
        1,
        1,
        1,
        null,
        1,
        1,
        1,
        null,
        null,
        null,
        1,
        1,
        1,
        1,
        1,
        null,
        1,
        1,
        1,
        null,
        null,
        null,
        null,
        1,
        1,
        1,
        1,
        1,
        1,
        1,
        null,
        null,
        null,
        null,
        null
      ],
      "/Users/dmytrolysohor/RubymineProjects/photography_backend/spec/rails_helper.rb": [
        null,
        1,
        1,
        1,
        null,
        null,
        1,
        1,
        1,
        null,
        null,
        null,
        null,
        null,
        null,
        null,
        null,
        null,
        null,
        null,
        null,
        null,
        null,
        null,
        null,
        null,
        null,
        null,
        null,
        null,
        1,
        null,
        null,
        1,
        null,
        1,
        null,
        null,
        null,
        null,
        1,
        null,
        null,
        null,
        null,
        null,
        null,
        null,
        null,
        null,
        null,
        null,
        null,
        null,
        null,
        1,
        null,
        null,
        1,
        null,
        null,
        null
      ],
      "/Users/dmytrolysohor/RubymineProjects/photography_backend/config/environment.rb": [
        null,
        1,
        null,
        null,
        1
      ],
      "/Users/dmytrolysohor/RubymineProjects/photography_backend/config/application.rb": [
        1,
        null,
        1,
        null,
        1,
        1,
        1,
        1,
        1,
        1,
        1,
        null,
        1,
        null,
        null,
        null,
        1,
        null,
        1,
        1,
        null,
        1,
        1,
        null,
        null,
        null,
        null,
        null,
        null,
        null,
        1,
        null,
        null
      ],
      "/Users/dmytrolysohor/RubymineProjects/photography_backend/config/boot.rb": [
        1,
        null,
        1
      ],
      "/Users/dmytrolysohor/RubymineProjects/photography_backend/config/environments/test.rb": [
        1,
        null,
        null,
        null,
        null,
        null,
        null,
        1,
        null,
        null,
        null,
        null,
        1,
        null,
        null,
        1,
        1,
        null,
        null,
        null,
        null,
        1,
        1,
        null,
        null,
        1,
        null,
        null,
        1,
        1,
        null,
        null,
        null,
        null,
        1,
        null,
        null,
        1,
        null,
        null,
        null,
        null
      ],
      "/Users/dmytrolysohor/RubymineProjects/photography_backend/config/initializers/application_controller_renderer.rb": [
        null,
        null,
        null,
        null,
        null,
        null,
        null,
        null
      ],
      "/Users/dmytrolysohor/RubymineProjects/photography_backend/config/initializers/backtrace_silencers.rb": [
        null,
        null,
        null,
        null,
        null,
        null,
        null
      ],
      "/Users/dmytrolysohor/RubymineProjects/photography_backend/config/initializers/cors.rb": [
        null,
        null,
        null,
        null,
        null,
        null,
        null,
        null,
        null,
        null,
        null,
        null,
        null,
        null,
        null,
        null
      ],
      "/Users/dmytrolysohor/RubymineProjects/photography_backend/config/initializers/filter_parameter_logging.rb": [
        null,
        null,
        null,
        1
      ],
      "/Users/dmytrolysohor/RubymineProjects/photography_backend/config/initializers/inflections.rb": [
        null,
        null,
        null,
        null,
        null,
        null,
        null,
        null,
        null,
        null,
        null,
        null,
        null,
        null,
        null,
        null
      ],
      "/Users/dmytrolysohor/RubymineProjects/photography_backend/config/initializers/mime_types.rb": [
        null,
        null,
        null,
        null
      ],
      "/Users/dmytrolysohor/RubymineProjects/photography_backend/config/initializers/wrap_parameters.rb": [
        null,
        null,
        null,
        null,
        null,
        null,
        1,
        2,
        null,
        null,
        null,
        null,
        null,
        null
      ],
      "/Users/dmytrolysohor/RubymineProjects/photography_backend/spec/factories.rb": [
        1,
        1,
        null,
        null,
        1,
        1,
        1,
        null,
        null,
        1,
        22,
        1,
        1,
        17,
        null,
        null
      ],
      "/Users/dmytrolysohor/RubymineProjects/photography_backend/config/routes.rb": [
        1,
        1,
        1,
        1,
        1,
        null,
        null,
        null,
        null,
        null
      ],
      "/Users/dmytrolysohor/RubymineProjects/photography_backend/spec/support/factory_bot.rb": [
        1,
        1,
        null
      ],
      "/Users/dmytrolysohor/RubymineProjects/photography_backend/app/controllers/api/posts_controller.rb": [
        1,
        1,
        null,
        null,
        1,
        1,
        null,
        1,
        null,
        null,
        null,
        1,
        1,
        null,
        null,
        null,
        1,
        2,
        null,
        2,
        1,
        null,
        1,
        null,
        null,
        null,
        null,
        1,
        3,
        2,
        null,
        1,
        null,
        null,
        null,
        null,
        1,
        1,
        null,
        null,
        1,
        null,
        1,
        5,
        null,
        null,
        null,
        1,
        5,
        null,
        null
      ],
      "/Users/dmytrolysohor/RubymineProjects/photography_backend/app/controllers/api/base_controller.rb": [
        1,
        1,
        1,
        null,
        1,
        null,
        1,
        16,
        16,
        null,
        null
      ],
      "/Users/dmytrolysohor/RubymineProjects/photography_backend/spec/controllers/api/users_controller_spec.rb": [
        1,
        null,
        null,
        null,
        null,
        null,
        null,
        null,
        null,
        null,
        null,
        null,
        null,
        null,
        null,
        null,
        null,
        null,
        null,
        null,
        null,
        null,
        null,
        null,
        null,
        1,
        null,
        null,
        null,
        null,
        null,
        null,
        null,
        null,
        9,
        null,
        null,
        1,
        6,
        6,
        null,
        null,
        1,
        1,
        1,
        1,
        1,
        1,
        null,
        null,
        null,
        1,
        1,
        1,
        1,
        1,
        1,
        null,
        null,
        null,
        1,
        1,
        1,
        1,
        1,
        null,
        null,
        null,
        null,
        1,
        1,
        null,
        1,
        1,
        1,
        null,
        null,
        null,
        null,
        1,
        1,
        null,
        1,
        1,
        1,
        1,
        1,
        null,
        null,
        1,
        1,
        1,
        1,
        1,
        1,
        null,
        null,
        null,
        1,
        1,
        1,
        1,
        1,
        1,
        1,
        null,
        null,
        null,
        null,
        1,
        1,
        1,
        1,
        1,
        1,
        null,
        null,
        null,
        null,
        null
      ],
      "/Users/dmytrolysohor/RubymineProjects/photography_backend/app/controllers/api/users_controller.rb": [
        1,
        1,
        1,
        null,
        null,
        1,
        1,
        1,
        null,
        null,
        null,
        1,
        1,
        null,
        null,
        null,
        1,
        2,
        2,
        1,
        null,
        1,
        null,
        null,
        null,
        null,
        1,
        3,
        2,
        null,
        1,
        null,
        null,
        null,
        null,
        1,
        1,
        null,
        null,
        1,
        null,
        1,
        5,
        null,
        null,
        null,
        1,
        5,
        null,
        null
      ],
      "/Users/dmytrolysohor/RubymineProjects/photography_backend/spec/models/post_spec.rb": [
        1,
        null,
        1,
        1,
        null,
        1,
        1,
        1,
        1,
        null,
        null,
        1,
        1,
        1,
        1,
        null,
        1,
        null,
        null,
        null,
        null
      ],
      "/Users/dmytrolysohor/RubymineProjects/photography_backend/app/models/post.rb": [
        1,
        1,
        null
      ],
      "/Users/dmytrolysohor/RubymineProjects/photography_backend/app/models/application_record.rb": [
        1,
        1,
        null
      ],
      "/Users/dmytrolysohor/RubymineProjects/photography_backend/spec/models/user_spec.rb": [
        1,
        null,
        1,
        1,
        null,
        1,
        1,
        1,
        1,
        null,
        null,
        1,
        1,
        1,
        1,
        null,
        1,
        null,
        null,
        null,
        null
      ],
      "/Users/dmytrolysohor/RubymineProjects/photography_backend/app/models/user.rb": [
        1,
        1,
        1,
        1,
        1,
        null
      ],
      "/Users/dmytrolysohor/RubymineProjects/photography_backend/spec/requests/api/posts_spec.rb": [
        1,
        null,
        1,
        1,
        1,
        1,
        1,
        null,
        null,
        null
      ],
      "/Users/dmytrolysohor/RubymineProjects/photography_backend/spec/requests/api/users_spec.rb": [
        1,
        null,
        1,
        1,
        1,
        1,
        1,
        null,
        null,
        null
      ],
      "/Users/dmytrolysohor/RubymineProjects/photography_backend/spec/routing/api/posts_routing_spec.rb": [
        1,
        null,
        1,
        1,
        null,
        1,
        1,
        null,
        null,
        null,
        1,
        1,
        null,
        null,
        null,
        1,
        1,
        null,
        null,
        1,
        1,
        null,
        null,
        1,
        1,
        null,
        null,
        1,
        1,
        null,
        null,
        null,
        null
      ],
      "/Users/dmytrolysohor/RubymineProjects/photography_backend/spec/routing/api/users_routing_spec.rb": [
        1,
        null,
        1,
        1,
        null,
        1,
        1,
        null,
        null,
        null,
        1,
        1,
        null,
        null,
        null,
        1,
        1,
        null,
        null,
        1,
        1,
        null,
        null,
        1,
        1,
        null,
        null,
        1,
        1,
        null,
        null,
        null,
        null
      ],
      "/Users/dmytrolysohor/RubymineProjects/photography_backend/app/commands/authenticate_user.rb": [
        1,
        1,
        null,
        1,
        14,
        14,
        null,
        null,
        1,
        14,
        null,
        null,
        1,
        null,
        1,
        null,
        1,
        28,
        28,
        null,
        null,
        null,
        null
      ],
      "/Users/dmytrolysohor/RubymineProjects/photography_backend/lib/json_web_token.rb": [
        1,
        1,
        1,
        14,
        14,
        null,
        null,
        1,
        16,
        14,
        null,
        2,
        null,
        null,
        null
      ],
      "/Users/dmytrolysohor/RubymineProjects/photography_backend/app/commands/authorize_api_request.rb": [
        1,
        1,
        null,
        1,
        16,
        null,
        null,
        1,
        16,
        null,
        null,
        1,
        null,
        1,
        null,
        1,
        16,
        16,
        null,
        null,
        1,
        30,
        null,
        null,
        1,
        16,
        14,
        null,
        2,
        null,
        null,
        null,
        null
      ]
    },
    "timestamp": 1520633522
  }
}
